#
# There is insufficient memory for the Java Runtime Environment to continue.
# Native memory allocation (malloc) failed to allocate 1027456 bytes. Error detail: Chunk::new
# Possible reasons:
#   The system is out of physical RAM or swap space
#   This process is running with CompressedOops enabled, and the Java Heap may be blocking the growth of the native heap
# Possible solutions:
#   Reduce memory load on the system
#   Increase physical memory or swap space
#   Check if swap backing store is full
#   Decrease Java heap size (-Xmx/-Xms)
#   Decrease number of Java threads
#   Decrease Java thread stack sizes (-Xss)
#   Set larger code cache with -XX:ReservedCodeCacheSize=
#   JVM is running with Unscaled Compressed Oops mode in which the Java heap is
#     placed in the first 4GB address space. The Java Heap base address is the
#     maximum limit for the native heap growth. Please use -XX:HeapBaseMinAddress
#     to set the Java Heap base and to place the Java Heap above 4GB virtual address.
# This output file may be truncated or incomplete.
#
#  Out of Memory Error (arena.cpp:168), pid=24120, tid=21580
#
# JRE version: OpenJDK Runtime Environment Temurin-21.0.6+7 (21.0.6+7) (build 21.0.6+7-LTS)
# Java VM: OpenJDK 64-Bit Server VM Temurin-21.0.6+7 (21.0.6+7-LTS, mixed mode, sharing, tiered, compressed oops, compressed class ptrs, g1 gc, windows-amd64)
# No core dump will be written. Minidumps are not enabled by default on client versions of Windows
#

---------------  S U M M A R Y ------------

Command Line: -Dfile.encoding=UTF-8 -Dstdout.encoding=UTF-8 -Dstderr.encoding=UTF-8 -XX:+ShowCodeDetailsInExceptionMessages org.practice.LocatorPractice

Host: AMD Ryzen 5 3500U with Radeon Vega Mobile Gfx  , 8 cores, 5G,  Windows 11 , 64 bit Build 26100 (10.0.26100.3775)
Time: Thu May 15 21:53:57 2025 India Standard Time elapsed time: 19.082283 seconds (0d 0h 0m 19s)

---------------  T H R E A D  ---------------

Current thread (0x00000247e9a3a040):  JavaThread "C2 CompilerThread0" daemon [_thread_in_native, id=21580, stack(0x000000480fb00000,0x000000480fc00000) (1024K)]


Current CompileTask:
C2:19082 1889       4       java.lang.invoke.MethodType::methodType (69 bytes)

Stack: [0x000000480fb00000,0x000000480fc00000]
Native frames: (J=compiled Java code, j=interpreted, Vv=VM code, C=native code)
V  [jvm.dll+0x6cdee9]
V  [jvm.dll+0x8a83d1]
V  [jvm.dll+0x8aa8fe]
V  [jvm.dll+0x8aafe3]
V  [jvm.dll+0x27f706]
V  [jvm.dll+0xc500d]
V  [jvm.dll+0xc5543]
V  [jvm.dll+0x2f2acd]
V  [jvm.dll+0x5f6a2a]
V  [jvm.dll+0x250bb2]
V  [jvm.dll+0x249526]
V  [jvm.dll+0x246ec4]
V  [jvm.dll+0x1c75ee]
V  [jvm.dll+0x25685a]
V  [jvm.dll+0x254dfa]
V  [jvm.dll+0x3f0256]
V  [jvm.dll+0x851f8b]
V  [jvm.dll+0x6cc5ed]
C  [ucrtbase.dll+0x37b0]
C  [KERNEL32.DLL+0x2e8d7]
C  [ntdll.dll+0xb14fc]


---------------  P R O C E S S  ---------------

Threads class SMR info:
_java_thread_list=0x00000247eeab1660, length=24, elements={
0x00000247d25d5760, 0x00000247e9a1df90, 0x00000247e9a1f700, 0x00000247e9a25e10,
0x00000247e9a28870, 0x00000247e9a31ff0, 0x00000247e9a33760, 0x00000247e9a3a040,
0x00000247e9a3b7f0, 0x00000247e9b78340, 0x00000247e9ba53c0, 0x00000247e9d9cfd0,
0x00000247ee4eeeb0, 0x00000247ee6d2f60, 0x00000247ee675f90, 0x00000247ee6765f0,
0x00000247ee676c50, 0x00000247eea71880, 0x00000247eea725a0, 0x00000247eea6fe40,
0x00000247eea704d0, 0x00000247eea71f10, 0x00000247eea732c0, 0x00000247eea72c30
}

Java Threads: ( => current thread )
  0x00000247d25d5760 JavaThread "Forwarding maximizeCurrentWindow on session 7e72b042091b2a0bc4d59e494a6e6b13 to remote"        [_thread_blocked, id=3444, stack(0x000000480ed00000,0x000000480ee00000) (1024K)]
  0x00000247e9a1df90 JavaThread "Reference Handler"          daemon [_thread_blocked, id=34348, stack(0x000000480f500000,0x000000480f600000) (1024K)]
  0x00000247e9a1f700 JavaThread "Finalizer"                  daemon [_thread_blocked, id=496, stack(0x000000480f600000,0x000000480f700000) (1024K)]
  0x00000247e9a25e10 JavaThread "Signal Dispatcher"          daemon [_thread_blocked, id=14612, stack(0x000000480f700000,0x000000480f800000) (1024K)]
  0x00000247e9a28870 JavaThread "Attach Listener"            daemon [_thread_blocked, id=6108, stack(0x000000480f800000,0x000000480f900000) (1024K)]
  0x00000247e9a31ff0 JavaThread "Service Thread"             daemon [_thread_blocked, id=20144, stack(0x000000480f900000,0x000000480fa00000) (1024K)]
  0x00000247e9a33760 JavaThread "Monitor Deflation Thread"   daemon [_thread_blocked, id=1728, stack(0x000000480fa00000,0x000000480fb00000) (1024K)]
=>0x00000247e9a3a040 JavaThread "C2 CompilerThread0"         daemon [_thread_in_native, id=21580, stack(0x000000480fb00000,0x000000480fc00000) (1024K)]
  0x00000247e9a3b7f0 JavaThread "C1 CompilerThread0"         daemon [_thread_blocked, id=9804, stack(0x000000480fc00000,0x000000480fd00000) (1024K)]
  0x00000247e9b78340 JavaThread "Notification Thread"        daemon [_thread_blocked, id=32864, stack(0x000000480fd00000,0x000000480fe00000) (1024K)]
  0x00000247e9ba53c0 JavaThread "Common-Cleaner"             daemon [_thread_blocked, id=29160, stack(0x000000480fe00000,0x000000480ff00000) (1024K)]
  0x00000247e9d9cfd0 JavaThread "ForkJoinPool.commonPool-worker-1" daemon [_thread_blocked, id=13872, stack(0x000000480ff00000,0x0000004810000000) (1024K)]
  0x00000247ee4eeeb0 JavaThread "HttpClient-1-SelectorManager" daemon [_thread_in_native, id=26796, stack(0x0000004810000000,0x0000004810100000) (1024K)]
  0x00000247ee6d2f60 JavaThread "External Process Output Forwarder - C:\Users\Nikita Kakade\.cache\selenium\msedgedriver\win64\136.0.3240.64\msedgedriver.exe"        [_thread_in_native, id=26124, stack(0x0000004810800000,0x0000004810900000) (1024K)]
  0x00000247ee675f90 JavaThread "Driver Service Executor"    daemon [_thread_blocked, id=27056, stack(0x0000004810900000,0x0000004810a00000) (1024K)]
  0x00000247ee6765f0 JavaThread "Driver Service Executor"    daemon [_thread_in_native, id=35720, stack(0x0000004810a00000,0x0000004810b00000) (1024K)]
  0x00000247ee676c50 JavaThread "UrlChecker-2"               daemon [_thread_blocked, id=33084, stack(0x0000004810b00000,0x0000004810c00000) (1024K)]
  0x00000247eea71880 JavaThread "pool-1-thread-1"                   [_thread_blocked, id=13876, stack(0x0000004810e00000,0x0000004810f00000) (1024K)]
  0x00000247eea725a0 JavaThread "pool-1-thread-2"                   [_thread_blocked, id=23224, stack(0x0000004810f00000,0x0000004811000000) (1024K)]
  0x00000247eea6fe40 JavaThread "pool-1-thread-3"                   [_thread_blocked, id=34964, stack(0x0000004811000000,0x0000004811100000) (1024K)]
  0x00000247eea704d0 JavaThread "HttpClient-2-SelectorManager" daemon [_thread_in_native, id=26268, stack(0x0000004811100000,0x0000004811200000) (1024K)]
  0x00000247eea71f10 JavaThread "pool-2-thread-1"                   [_thread_blocked, id=21604, stack(0x0000004811200000,0x0000004811300000) (1024K)]
  0x00000247eea732c0 JavaThread "pool-2-thread-2"                   [_thread_blocked, id=13744, stack(0x0000004811300000,0x0000004811400000) (1024K)]
  0x00000247eea72c30 JavaThread "pool-2-thread-3"                   [_thread_blocked, id=34252, stack(0x0000004811400000,0x0000004811500000) (1024K)]
Total: 24

Other Threads:
  0x00000247e9a024f0 VMThread "VM Thread"                           [id=16296, stack(0x000000480f400000,0x000000480f500000) (1024K)]
  0x00000247e99ee120 WatcherThread "VM Periodic Task Thread"        [id=32384, stack(0x000000480f300000,0x000000480f400000) (1024K)]
  0x00000247d26189e0 WorkerThread "GC Thread#0"                     [id=26204, stack(0x000000480ee00000,0x000000480ef00000) (1024K)]
  0x00000247ee67ba40 WorkerThread "GC Thread#1"                     [id=33712, stack(0x0000004810100000,0x0000004810200000) (1024K)]
  0x00000247ee67cfe0 WorkerThread "GC Thread#2"                     [id=22808, stack(0x0000004810200000,0x0000004810300000) (1024K)]
  0x00000247ee6df9e0 WorkerThread "GC Thread#3"                     [id=18852, stack(0x0000004810300000,0x0000004810400000) (1024K)]
  0x00000247ee62be10 WorkerThread "GC Thread#4"                     [id=34836, stack(0x0000004810400000,0x0000004810500000) (1024K)]
  0x00000247ee6305c0 WorkerThread "GC Thread#5"                     [id=24752, stack(0x0000004810500000,0x0000004810600000) (1024K)]
  0x00000247ee630960 WorkerThread "GC Thread#6"                     [id=28412, stack(0x0000004810600000,0x0000004810700000) (1024K)]
  0x00000247ee631110 WorkerThread "GC Thread#7"                     [id=23844, stack(0x0000004810700000,0x0000004810800000) (1024K)]
  0x00000247d2626c60 ConcurrentGCThread "G1 Main Marker"            [id=35524, stack(0x000000480ef00000,0x000000480f000000) (1024K)]
  0x00000247d2627f70 WorkerThread "G1 Conc#0"                       [id=26720, stack(0x000000480f000000,0x000000480f100000) (1024K)]
  0x00000247e98c20c0 ConcurrentGCThread "G1 Refine#0"               [id=16240, stack(0x000000480f100000,0x000000480f200000) (1024K)]
  0x00000247e98c2ed0 ConcurrentGCThread "G1 Service"                [id=12412, stack(0x000000480f200000,0x000000480f300000) (1024K)]
Total: 14

Threads with active compile tasks:
C2 CompilerThread0  19140 1889       4       java.lang.invoke.MethodType::methodType (69 bytes)
Total: 1

VM state: not at safepoint (normal execution)

VM Mutex/Monitor currently owned by a thread: None

Heap address: 0x00000000a1c00000, size: 1508 MB, Compressed Oops mode: 32-bit

CDS archive(s) mapped at: [0x0000024780000000-0x0000024780c80000-0x0000024780c80000), size 13107200, SharedBaseAddress: 0x0000024780000000, ArchiveRelocationMode: 1.
Compressed class space mapped at: 0x0000024781000000-0x00000247c1000000, reserved size: 1073741824
Narrow klass base: 0x0000024780000000, Narrow klass shift: 0, Narrow klass range: 0x100000000

GC Precious Log:
 CardTable entry size: 512
 Card Set container configuration: InlinePtr #cards 5 size 8 Array Of Cards #cards 12 size 40 Howl #buckets 4 coarsen threshold 1843 Howl Bitmap #cards 512 size 80 coarsen threshold 460 Card regions per heap region 1 cards per card region 2048
 CPUs: 8 total, 8 available
 Memory: 6030M
 Large Page Support: Disabled
 NUMA Support: Disabled
 Compressed Oops: Enabled (32-bit)
 Heap Region Size: 1M
 Heap Min Capacity: 8M
 Heap Initial Capacity: 96M
 Heap Max Capacity: 1508M
 Pre-touch: Disabled
 Parallel Workers: 8
 Concurrent Workers: 2
 Concurrent Refinement Workers: 8
 Periodic GC: Disabled

Heap:
 garbage-first heap   total 98304K, used 24768K [0x00000000a1c00000, 0x0000000100000000)
  region size 1024K, 21 young (21504K), 3 survivors (3072K)
 Metaspace       used 13692K, committed 14080K, reserved 1114112K
  class space    used 1648K, committed 1792K, reserved 1048576K

Heap Regions: E=young(eden), S=young(survivor), O=old, HS=humongous(starts), HC=humongous(continues), CS=collection set, F=free, TAMS=top-at-mark-start, PB=parsable bottom
|   0|0x00000000a1c00000, 0x00000000a1d00000, 0x00000000a1d00000|100%|HS|  |TAMS 0x00000000a1c00000| PB 0x00000000a1c00000| Complete 
|   1|0x00000000a1d00000, 0x00000000a1e00000, 0x00000000a1e00000|100%|HC|  |TAMS 0x00000000a1d00000| PB 0x00000000a1d00000| Complete 
|   2|0x00000000a1e00000, 0x00000000a1f00000, 0x00000000a1f00000|100%|HC|  |TAMS 0x00000000a1e00000| PB 0x00000000a1e00000| Complete 
|   3|0x00000000a1f00000, 0x00000000a2000000, 0x00000000a2000000|100%| O|  |TAMS 0x00000000a1f00000| PB 0x00000000a1f00000| Untracked 
|   4|0x00000000a2000000, 0x00000000a2030000, 0x00000000a2100000| 18%| O|  |TAMS 0x00000000a2000000| PB 0x00000000a2000000| Untracked 
|   5|0x00000000a2100000, 0x00000000a2100000, 0x00000000a2200000|  0%| F|  |TAMS 0x00000000a2100000| PB 0x00000000a2100000| Untracked 
|   6|0x00000000a2200000, 0x00000000a2200000, 0x00000000a2300000|  0%| F|  |TAMS 0x00000000a2200000| PB 0x00000000a2200000| Untracked 
|   7|0x00000000a2300000, 0x00000000a2300000, 0x00000000a2400000|  0%| F|  |TAMS 0x00000000a2300000| PB 0x00000000a2300000| Untracked 
|   8|0x00000000a2400000, 0x00000000a2400000, 0x00000000a2500000|  0%| F|  |TAMS 0x00000000a2400000| PB 0x00000000a2400000| Untracked 
|   9|0x00000000a2500000, 0x00000000a2500000, 0x00000000a2600000|  0%| F|  |TAMS 0x00000000a2500000| PB 0x00000000a2500000| Untracked 
|  10|0x00000000a2600000, 0x00000000a2600000, 0x00000000a2700000|  0%| F|  |TAMS 0x00000000a2600000| PB 0x00000000a2600000| Untracked 
|  11|0x00000000a2700000, 0x00000000a2700000, 0x00000000a2800000|  0%| F|  |TAMS 0x00000000a2700000| PB 0x00000000a2700000| Untracked 
|  12|0x00000000a2800000, 0x00000000a2800000, 0x00000000a2900000|  0%| F|  |TAMS 0x00000000a2800000| PB 0x00000000a2800000| Untracked 
|  13|0x00000000a2900000, 0x00000000a2900000, 0x00000000a2a00000|  0%| F|  |TAMS 0x00000000a2900000| PB 0x00000000a2900000| Untracked 
|  14|0x00000000a2a00000, 0x00000000a2a00000, 0x00000000a2b00000|  0%| F|  |TAMS 0x00000000a2a00000| PB 0x00000000a2a00000| Untracked 
|  15|0x00000000a2b00000, 0x00000000a2b00000, 0x00000000a2c00000|  0%| F|  |TAMS 0x00000000a2b00000| PB 0x00000000a2b00000| Untracked 
|  16|0x00000000a2c00000, 0x00000000a2c00000, 0x00000000a2d00000|  0%| F|  |TAMS 0x00000000a2c00000| PB 0x00000000a2c00000| Untracked 
|  17|0x00000000a2d00000, 0x00000000a2d00000, 0x00000000a2e00000|  0%| F|  |TAMS 0x00000000a2d00000| PB 0x00000000a2d00000| Untracked 
|  18|0x00000000a2e00000, 0x00000000a2e00000, 0x00000000a2f00000|  0%| F|  |TAMS 0x00000000a2e00000| PB 0x00000000a2e00000| Untracked 
|  19|0x00000000a2f00000, 0x00000000a2f00000, 0x00000000a3000000|  0%| F|  |TAMS 0x00000000a2f00000| PB 0x00000000a2f00000| Untracked 
|  20|0x00000000a3000000, 0x00000000a3000000, 0x00000000a3100000|  0%| F|  |TAMS 0x00000000a3000000| PB 0x00000000a3000000| Untracked 
|  21|0x00000000a3100000, 0x00000000a3100000, 0x00000000a3200000|  0%| F|  |TAMS 0x00000000a3100000| PB 0x00000000a3100000| Untracked 
|  22|0x00000000a3200000, 0x00000000a3200000, 0x00000000a3300000|  0%| F|  |TAMS 0x00000000a3200000| PB 0x00000000a3200000| Untracked 
|  23|0x00000000a3300000, 0x00000000a3300000, 0x00000000a3400000|  0%| F|  |TAMS 0x00000000a3300000| PB 0x00000000a3300000| Untracked 
|  24|0x00000000a3400000, 0x00000000a3400000, 0x00000000a3500000|  0%| F|  |TAMS 0x00000000a3400000| PB 0x00000000a3400000| Untracked 
|  25|0x00000000a3500000, 0x00000000a3500000, 0x00000000a3600000|  0%| F|  |TAMS 0x00000000a3500000| PB 0x00000000a3500000| Untracked 
|  26|0x00000000a3600000, 0x00000000a3600000, 0x00000000a3700000|  0%| F|  |TAMS 0x00000000a3600000| PB 0x00000000a3600000| Untracked 
|  27|0x00000000a3700000, 0x00000000a3700000, 0x00000000a3800000|  0%| F|  |TAMS 0x00000000a3700000| PB 0x00000000a3700000| Untracked 
|  28|0x00000000a3800000, 0x00000000a3800000, 0x00000000a3900000|  0%| F|  |TAMS 0x00000000a3800000| PB 0x00000000a3800000| Untracked 
|  29|0x00000000a3900000, 0x00000000a3900000, 0x00000000a3a00000|  0%| F|  |TAMS 0x00000000a3900000| PB 0x00000000a3900000| Untracked 
|  30|0x00000000a3a00000, 0x00000000a3a00000, 0x00000000a3b00000|  0%| F|  |TAMS 0x00000000a3a00000| PB 0x00000000a3a00000| Untracked 
|  31|0x00000000a3b00000, 0x00000000a3b00000, 0x00000000a3c00000|  0%| F|  |TAMS 0x00000000a3b00000| PB 0x00000000a3b00000| Untracked 
|  32|0x00000000a3c00000, 0x00000000a3c00000, 0x00000000a3d00000|  0%| F|  |TAMS 0x00000000a3c00000| PB 0x00000000a3c00000| Untracked 
|  33|0x00000000a3d00000, 0x00000000a3d00000, 0x00000000a3e00000|  0%| F|  |TAMS 0x00000000a3d00000| PB 0x00000000a3d00000| Untracked 
|  34|0x00000000a3e00000, 0x00000000a3e00000, 0x00000000a3f00000|  0%| F|  |TAMS 0x00000000a3e00000| PB 0x00000000a3e00000| Untracked 
|  35|0x00000000a3f00000, 0x00000000a3f00000, 0x00000000a4000000|  0%| F|  |TAMS 0x00000000a3f00000| PB 0x00000000a3f00000| Untracked 
|  36|0x00000000a4000000, 0x00000000a4000000, 0x00000000a4100000|  0%| F|  |TAMS 0x00000000a4000000| PB 0x00000000a4000000| Untracked 
|  37|0x00000000a4100000, 0x00000000a4100000, 0x00000000a4200000|  0%| F|  |TAMS 0x00000000a4100000| PB 0x00000000a4100000| Untracked 
|  38|0x00000000a4200000, 0x00000000a4200000, 0x00000000a4300000|  0%| F|  |TAMS 0x00000000a4200000| PB 0x00000000a4200000| Untracked 
|  39|0x00000000a4300000, 0x00000000a4300000, 0x00000000a4400000|  0%| F|  |TAMS 0x00000000a4300000| PB 0x00000000a4300000| Untracked 
|  40|0x00000000a4400000, 0x00000000a4400000, 0x00000000a4500000|  0%| F|  |TAMS 0x00000000a4400000| PB 0x00000000a4400000| Untracked 
|  41|0x00000000a4500000, 0x00000000a4500000, 0x00000000a4600000|  0%| F|  |TAMS 0x00000000a4500000| PB 0x00000000a4500000| Untracked 
|  42|0x00000000a4600000, 0x00000000a4600000, 0x00000000a4700000|  0%| F|  |TAMS 0x00000000a4600000| PB 0x00000000a4600000| Untracked 
|  43|0x00000000a4700000, 0x00000000a4700000, 0x00000000a4800000|  0%| F|  |TAMS 0x00000000a4700000| PB 0x00000000a4700000| Untracked 
|  44|0x00000000a4800000, 0x00000000a4800000, 0x00000000a4900000|  0%| F|  |TAMS 0x00000000a4800000| PB 0x00000000a4800000| Untracked 
|  45|0x00000000a4900000, 0x00000000a4900000, 0x00000000a4a00000|  0%| F|  |TAMS 0x00000000a4900000| PB 0x00000000a4900000| Untracked 
|  46|0x00000000a4a00000, 0x00000000a4a00000, 0x00000000a4b00000|  0%| F|  |TAMS 0x00000000a4a00000| PB 0x00000000a4a00000| Untracked 
|  47|0x00000000a4b00000, 0x00000000a4b00000, 0x00000000a4c00000|  0%| F|  |TAMS 0x00000000a4b00000| PB 0x00000000a4b00000| Untracked 
|  48|0x00000000a4c00000, 0x00000000a4c00000, 0x00000000a4d00000|  0%| F|  |TAMS 0x00000000a4c00000| PB 0x00000000a4c00000| Untracked 
|  49|0x00000000a4d00000, 0x00000000a4d00000, 0x00000000a4e00000|  0%| F|  |TAMS 0x00000000a4d00000| PB 0x00000000a4d00000| Untracked 
|  50|0x00000000a4e00000, 0x00000000a4e00000, 0x00000000a4f00000|  0%| F|  |TAMS 0x00000000a4e00000| PB 0x00000000a4e00000| Untracked 
|  51|0x00000000a4f00000, 0x00000000a4f00000, 0x00000000a5000000|  0%| F|  |TAMS 0x00000000a4f00000| PB 0x00000000a4f00000| Untracked 
|  52|0x00000000a5000000, 0x00000000a5000000, 0x00000000a5100000|  0%| F|  |TAMS 0x00000000a5000000| PB 0x00000000a5000000| Untracked 
|  53|0x00000000a5100000, 0x00000000a5100000, 0x00000000a5200000|  0%| F|  |TAMS 0x00000000a5100000| PB 0x00000000a5100000| Untracked 
|  54|0x00000000a5200000, 0x00000000a5200000, 0x00000000a5300000|  0%| F|  |TAMS 0x00000000a5200000| PB 0x00000000a5200000| Untracked 
|  55|0x00000000a5300000, 0x00000000a5300000, 0x00000000a5400000|  0%| F|  |TAMS 0x00000000a5300000| PB 0x00000000a5300000| Untracked 
|  56|0x00000000a5400000, 0x00000000a5400000, 0x00000000a5500000|  0%| F|  |TAMS 0x00000000a5400000| PB 0x00000000a5400000| Untracked 
|  57|0x00000000a5500000, 0x00000000a5500000, 0x00000000a5600000|  0%| F|  |TAMS 0x00000000a5500000| PB 0x00000000a5500000| Untracked 
|  58|0x00000000a5600000, 0x00000000a5600000, 0x00000000a5700000|  0%| F|  |TAMS 0x00000000a5600000| PB 0x00000000a5600000| Untracked 
|  59|0x00000000a5700000, 0x00000000a5700000, 0x00000000a5800000|  0%| F|  |TAMS 0x00000000a5700000| PB 0x00000000a5700000| Untracked 
|  60|0x00000000a5800000, 0x00000000a5800000, 0x00000000a5900000|  0%| F|  |TAMS 0x00000000a5800000| PB 0x00000000a5800000| Untracked 
|  61|0x00000000a5900000, 0x00000000a5900000, 0x00000000a5a00000|  0%| F|  |TAMS 0x00000000a5900000| PB 0x00000000a5900000| Untracked 
|  62|0x00000000a5a00000, 0x00000000a5a00000, 0x00000000a5b00000|  0%| F|  |TAMS 0x00000000a5a00000| PB 0x00000000a5a00000| Untracked 
|  63|0x00000000a5b00000, 0x00000000a5b00000, 0x00000000a5c00000|  0%| F|  |TAMS 0x00000000a5b00000| PB 0x00000000a5b00000| Untracked 
|  64|0x00000000a5c00000, 0x00000000a5c00000, 0x00000000a5d00000|  0%| F|  |TAMS 0x00000000a5c00000| PB 0x00000000a5c00000| Untracked 
|  65|0x00000000a5d00000, 0x00000000a5d00000, 0x00000000a5e00000|  0%| F|  |TAMS 0x00000000a5d00000| PB 0x00000000a5d00000| Untracked 
|  66|0x00000000a5e00000, 0x00000000a5e00000, 0x00000000a5f00000|  0%| F|  |TAMS 0x00000000a5e00000| PB 0x00000000a5e00000| Untracked 
|  67|0x00000000a5f00000, 0x00000000a5f00000, 0x00000000a6000000|  0%| F|  |TAMS 0x00000000a5f00000| PB 0x00000000a5f00000| Untracked 
|  68|0x00000000a6000000, 0x00000000a6000000, 0x00000000a6100000|  0%| F|  |TAMS 0x00000000a6000000| PB 0x00000000a6000000| Untracked 
|  69|0x00000000a6100000, 0x00000000a6100000, 0x00000000a6200000|  0%| F|  |TAMS 0x00000000a6100000| PB 0x00000000a6100000| Untracked 
|  70|0x00000000a6200000, 0x00000000a6300000, 0x00000000a6300000|100%| S|CS|TAMS 0x00000000a6200000| PB 0x00000000a6200000| Complete 
|  71|0x00000000a6300000, 0x00000000a6400000, 0x00000000a6400000|100%| S|CS|TAMS 0x00000000a6300000| PB 0x00000000a6300000| Complete 
|  72|0x00000000a6400000, 0x00000000a6500000, 0x00000000a6500000|100%| S|CS|TAMS 0x00000000a6400000| PB 0x00000000a6400000| Complete 
|  73|0x00000000a6500000, 0x00000000a6500000, 0x00000000a6600000|  0%| F|  |TAMS 0x00000000a6500000| PB 0x00000000a6500000| Untracked 
|  74|0x00000000a6600000, 0x00000000a6600000, 0x00000000a6700000|  0%| F|  |TAMS 0x00000000a6600000| PB 0x00000000a6600000| Untracked 
|  75|0x00000000a6700000, 0x00000000a6700000, 0x00000000a6800000|  0%| F|  |TAMS 0x00000000a6700000| PB 0x00000000a6700000| Untracked 
|  76|0x00000000a6800000, 0x00000000a6800000, 0x00000000a6900000|  0%| F|  |TAMS 0x00000000a6800000| PB 0x00000000a6800000| Untracked 
|  77|0x00000000a6900000, 0x00000000a6900000, 0x00000000a6a00000|  0%| F|  |TAMS 0x00000000a6900000| PB 0x00000000a6900000| Untracked 
|  78|0x00000000a6a00000, 0x00000000a6a94c40, 0x00000000a6b00000| 58%| E|  |TAMS 0x00000000a6a00000| PB 0x00000000a6a00000| Complete 
|  79|0x00000000a6b00000, 0x00000000a6c00000, 0x00000000a6c00000|100%| E|CS|TAMS 0x00000000a6b00000| PB 0x00000000a6b00000| Complete 
|  80|0x00000000a6c00000, 0x00000000a6d00000, 0x00000000a6d00000|100%| E|CS|TAMS 0x00000000a6c00000| PB 0x00000000a6c00000| Complete 
|  81|0x00000000a6d00000, 0x00000000a6e00000, 0x00000000a6e00000|100%| E|CS|TAMS 0x00000000a6d00000| PB 0x00000000a6d00000| Complete 
|  82|0x00000000a6e00000, 0x00000000a6f00000, 0x00000000a6f00000|100%| E|CS|TAMS 0x00000000a6e00000| PB 0x00000000a6e00000| Complete 
|  83|0x00000000a6f00000, 0x00000000a7000000, 0x00000000a7000000|100%| E|CS|TAMS 0x00000000a6f00000| PB 0x00000000a6f00000| Complete 
|  84|0x00000000a7000000, 0x00000000a7100000, 0x00000000a7100000|100%| E|CS|TAMS 0x00000000a7000000| PB 0x00000000a7000000| Complete 
|  85|0x00000000a7100000, 0x00000000a7200000, 0x00000000a7200000|100%| E|CS|TAMS 0x00000000a7100000| PB 0x00000000a7100000| Complete 
|  86|0x00000000a7200000, 0x00000000a7300000, 0x00000000a7300000|100%| E|CS|TAMS 0x00000000a7200000| PB 0x00000000a7200000| Complete 
|  87|0x00000000a7300000, 0x00000000a7400000, 0x00000000a7400000|100%| E|CS|TAMS 0x00000000a7300000| PB 0x00000000a7300000| Complete 
|  88|0x00000000a7400000, 0x00000000a7500000, 0x00000000a7500000|100%| E|CS|TAMS 0x00000000a7400000| PB 0x00000000a7400000| Complete 
|  89|0x00000000a7500000, 0x00000000a7600000, 0x00000000a7600000|100%| E|CS|TAMS 0x00000000a7500000| PB 0x00000000a7500000| Complete 
|  90|0x00000000a7600000, 0x00000000a7700000, 0x00000000a7700000|100%| E|CS|TAMS 0x00000000a7600000| PB 0x00000000a7600000| Complete 
|  91|0x00000000a7700000, 0x00000000a7800000, 0x00000000a7800000|100%| E|CS|TAMS 0x00000000a7700000| PB 0x00000000a7700000| Complete 
|  92|0x00000000a7800000, 0x00000000a7900000, 0x00000000a7900000|100%| E|CS|TAMS 0x00000000a7800000| PB 0x00000000a7800000| Complete 
|  93|0x00000000a7900000, 0x00000000a7a00000, 0x00000000a7a00000|100%| E|CS|TAMS 0x00000000a7900000| PB 0x00000000a7900000| Complete 
|  94|0x00000000a7a00000, 0x00000000a7b00000, 0x00000000a7b00000|100%| E|CS|TAMS 0x00000000a7a00000| PB 0x00000000a7a00000| Complete 
|  95|0x00000000a7b00000, 0x00000000a7c00000, 0x00000000a7c00000|100%| E|CS|TAMS 0x00000000a7b00000| PB 0x00000000a7b00000| Complete 

Card table byte_map: [0x00000247e5590000,0x00000247e5890000] _byte_map_base: 0x00000247e5082000

Marking Bits: (CMBitMap*) 0x00000247d26190e0
 Bits: [0x00000247e5890000, 0x00000247e7020000)

Polling page: 0x00000247d0380000

Metaspace:

Usage:
  Non-class:     11.76 MB used.
      Class:      1.61 MB used.
       Both:     13.37 MB used.

Virtual space:
  Non-class space:       64.00 MB reserved,      12.00 MB ( 19%) committed,  1 nodes.
      Class space:        1.00 GB reserved,       1.75 MB ( <1%) committed,  1 nodes.
             Both:        1.06 GB reserved,      13.75 MB (  1%) committed. 

Chunk freelists:
   Non-Class:  3.92 MB
       Class:  14.17 MB
        Both:  18.09 MB

MaxMetaspaceSize: unlimited
CompressedClassSpaceSize: 1.00 GB
Initial GC threshold: 21.00 MB
Current GC threshold: 21.00 MB
CDS: on
 - commit_granule_bytes: 65536.
 - commit_granule_words: 8192.
 - virtual_space_node_default_size: 8388608.
 - enlarge_chunks_in_place: 1.
 - use_allocation_guard: 0.


Internal statistics:

num_allocs_failed_limit: 0.
num_arena_births: 346.
num_arena_deaths: 0.
num_vsnodes_births: 2.
num_vsnodes_deaths: 0.
num_space_committed: 220.
num_space_uncommitted: 0.
num_chunks_returned_to_freelist: 0.
num_chunks_taken_from_freelist: 677.
num_chunk_merges: 0.
num_chunk_splits: 416.
num_chunks_enlarged: 253.
num_inconsistent_stats: 0.

CodeHeap 'non-profiled nmethods': size=120000Kb used=593Kb max_used=593Kb free=119406Kb
 bounds [0x00000247dda30000, 0x00000247ddca0000, 0x00000247e4f60000]
CodeHeap 'profiled nmethods': size=120000Kb used=3470Kb max_used=3470Kb free=116529Kb
 bounds [0x00000247d5f60000, 0x00000247d62d0000, 0x00000247dd490000]
CodeHeap 'non-nmethods': size=5760Kb used=1476Kb max_used=1490Kb free=4283Kb
 bounds [0x00000247dd490000, 0x00000247dd700000, 0x00000247dda30000]
 total_blobs=2458 nmethods=1901 adapters=462
 compilation: enabled
              stopped_count=0, restarted_count=0
 full_count=0

Compilation events (20 events):
Event: 7.866 Thread 0x00000247e9a3b7f0 1892       3       org.openqa.selenium.SharedCapabilitiesMethods$$Lambda/0x00000247811d0e38::compare (12 bytes)
Event: 7.866 Thread 0x00000247e9a3b7f0 nmethod 1892 0x00000247d62c1290 code [0x00000247d62c1460, 0x00000247d62c1790]
Event: 7.869 Thread 0x00000247e9a3b7f0 1894       3       java.lang.CharacterData::of (136 bytes)
Event: 7.870 Thread 0x00000247e9a3b7f0 nmethod 1894 0x00000247d62c1890 code [0x00000247d62c1ae0, 0x00000247d62c2370]
Event: 7.870 Thread 0x00000247e9a3b7f0 1895       3       java.util.LinkedHashMap$LinkedEntryIterator::next (5 bytes)
Event: 7.870 Thread 0x00000247e9a3b7f0 nmethod 1895 0x00000247d62c2590 code [0x00000247d62c2740, 0x00000247d62c28d8]
Event: 7.870 Thread 0x00000247e9a3b7f0 1896       3       java.util.LinkedHashMap$LinkedEntryIterator::next (5 bytes)
Event: 7.870 Thread 0x00000247e9a3b7f0 nmethod 1896 0x00000247d62c2990 code [0x00000247d62c2b40, 0x00000247d62c2c78]
Event: 7.871 Thread 0x00000247e9d5c050 1897       4       java.lang.StringBuilder::length (5 bytes)
Event: 7.872 Thread 0x00000247e9d5c050 nmethod 1897 0x00000247ddac3b90 code [0x00000247ddac3d20, 0x00000247ddac3da8]
Event: 7.873 Thread 0x00000247e9d5c050 1898       4       java.lang.StringConcatHelper::prepend (37 bytes)
Event: 7.875 Thread 0x00000247e9d5c050 nmethod 1898 0x00000247ddac3e90 code [0x00000247ddac4020, 0x00000247ddac41d8]
Event: 7.877 Thread 0x00000247e9a3b7f0 1899       3       java.util.ArrayList::toArray (12 bytes)
Event: 7.877 Thread 0x00000247e9a3b7f0 nmethod 1899 0x00000247d62c2d10 code [0x00000247d62c2ec0, 0x00000247d62c30a0]
Event: 7.877 Thread 0x00000247e9a3b7f0 1900       3       java.util.concurrent.atomic.AtomicLong::incrementAndGet (14 bytes)
Event: 7.877 Thread 0x00000247e9a3b7f0 nmethod 1900 0x00000247d62c3190 code [0x00000247d62c3320, 0x00000247d62c3448]
Event: 13.827 Thread 0x00000247e9a3b7f0 1901       1       java.util.TreeMap::size (5 bytes)
Event: 14.017 Thread 0x00000247e9a3b7f0 nmethod 1901 0x00000247ddac4390 code [0x00000247ddac4520, 0x00000247ddac45e8]
Event: 14.017 Thread 0x00000247e9a3b7f0 1902       3       java.util.ArrayList::clear (43 bytes)
Event: 14.018 Thread 0x00000247e9a3b7f0 nmethod 1902 0x00000247d62c3510 code [0x00000247d62c36c0, 0x00000247d62c3a38]

GC Heap History (2 events):
Event: 2.117 GC heap before
{Heap before GC invocations=0 (full 0):
 garbage-first heap   total 98304K, used 25600K [0x00000000a1c00000, 0x0000000100000000)
  region size 1024K, 23 young (23552K), 0 survivors (0K)
 Metaspace       used 8597K, committed 8768K, reserved 1114112K
  class space    used 967K, committed 1024K, reserved 1048576K
}
Event: 2.131 GC heap after
{Heap after GC invocations=1 (full 0):
 garbage-first heap   total 98304K, used 7360K [0x00000000a1c00000, 0x0000000100000000)
  region size 1024K, 3 young (3072K), 3 survivors (3072K)
 Metaspace       used 8597K, committed 8768K, reserved 1114112K
  class space    used 967K, committed 1024K, reserved 1048576K
}

Dll operation events (8 events):
Event: 0.018 Loaded shared library C:\Users\Nikita Kakade\.p2\pool\plugins\org.eclipse.justj.openjdk.hotspot.jre.full.win32.x86_64_21.0.6.v20250130-0529\jre\bin\java.dll
Event: 0.072 Loaded shared library C:\Users\Nikita Kakade\.p2\pool\plugins\org.eclipse.justj.openjdk.hotspot.jre.full.win32.x86_64_21.0.6.v20250130-0529\jre\bin\zip.dll
Event: 0.133 Loaded shared library C:\Users\Nikita Kakade\.p2\pool\plugins\org.eclipse.justj.openjdk.hotspot.jre.full.win32.x86_64_21.0.6.v20250130-0529\jre\bin\net.dll
Event: 0.138 Loaded shared library C:\Users\Nikita Kakade\.p2\pool\plugins\org.eclipse.justj.openjdk.hotspot.jre.full.win32.x86_64_21.0.6.v20250130-0529\jre\bin\nio.dll
Event: 0.183 Loaded shared library C:\Users\Nikita Kakade\.p2\pool\plugins\org.eclipse.justj.openjdk.hotspot.jre.full.win32.x86_64_21.0.6.v20250130-0529\jre\bin\zip.dll
Event: 0.270 Loaded shared library C:\Users\Nikita Kakade\.p2\pool\plugins\org.eclipse.justj.openjdk.hotspot.jre.full.win32.x86_64_21.0.6.v20250130-0529\jre\bin\jimage.dll
Event: 0.331 Loaded shared library C:\Users\Nikita Kakade\.p2\pool\plugins\org.eclipse.justj.openjdk.hotspot.jre.full.win32.x86_64_21.0.6.v20250130-0529\jre\bin\extnet.dll
Event: 2.015 Loaded shared library C:\Users\Nikita Kakade\.p2\pool\plugins\org.eclipse.justj.openjdk.hotspot.jre.full.win32.x86_64_21.0.6.v20250130-0529\jre\bin\sunmscapi.dll

Deoptimization events (20 events):
Event: 7.738 Thread 0x00000247d25d5760 Uncommon trap: trap_request=0xffffff45 fr.pc=0x00000247dda80d44 relative=0x0000000000000e44
Event: 7.738 Thread 0x00000247d25d5760 Uncommon trap: reason=unstable_if action=reinterpret pc=0x00000247dda80d44 method=java.util.concurrent.ConcurrentHashMap.putVal(Ljava/lang/Object;Ljava/lang/Object;Z)Ljava/lang/Object; @ 231 c2
Event: 7.738 Thread 0x00000247d25d5760 DEOPT PACKING pc=0x00000247dda80d44 sp=0x000000480edfeb90
Event: 7.738 Thread 0x00000247d25d5760 DEOPT UNPACKING pc=0x00000247dd4e46a2 sp=0x000000480edfeaf0 mode 2
Event: 7.851 Thread 0x00000247d25d5760 Uncommon trap: trap_request=0xffffff45 fr.pc=0x00000247dda78f74 relative=0x0000000000000054
Event: 7.851 Thread 0x00000247d25d5760 Uncommon trap: reason=unstable_if action=reinterpret pc=0x00000247dda78f74 method=java.lang.CharacterData.of(I)Ljava/lang/CharacterData; @ 4 c2
Event: 7.851 Thread 0x00000247d25d5760 DEOPT PACKING pc=0x00000247dda78f74 sp=0x000000480edfe3e0
Event: 7.851 Thread 0x00000247d25d5760 DEOPT UNPACKING pc=0x00000247dd4e46a2 sp=0x000000480edfe380 mode 2
Event: 7.852 Thread 0x00000247d25d5760 Uncommon trap: trap_request=0xffffffde fr.pc=0x00000247ddaa447c relative=0x000000000000041c
Event: 7.852 Thread 0x00000247d25d5760 Uncommon trap: reason=class_check action=maybe_recompile pc=0x00000247ddaa447c method=java.lang.String.<init>(Ljava/lang/AbstractStringBuilder;Ljava/lang/Void;)V @ 10 c2
Event: 7.852 Thread 0x00000247d25d5760 DEOPT PACKING pc=0x00000247ddaa447c sp=0x000000480edfe830
Event: 7.852 Thread 0x00000247d25d5760 DEOPT UNPACKING pc=0x00000247dd4e46a2 sp=0x000000480edfe7f8 mode 2
Event: 7.852 Thread 0x00000247d25d5760 Uncommon trap: trap_request=0xffffffde fr.pc=0x00000247ddaa447c relative=0x000000000000041c
Event: 7.852 Thread 0x00000247d25d5760 Uncommon trap: reason=class_check action=maybe_recompile pc=0x00000247ddaa447c method=java.lang.String.<init>(Ljava/lang/AbstractStringBuilder;Ljava/lang/Void;)V @ 10 c2
Event: 7.852 Thread 0x00000247d25d5760 DEOPT PACKING pc=0x00000247ddaa447c sp=0x000000480edfe9d0
Event: 7.852 Thread 0x00000247d25d5760 DEOPT UNPACKING pc=0x00000247dd4e46a2 sp=0x000000480edfe998 mode 2
Event: 7.870 Thread 0x00000247d25d5760 Uncommon trap: trap_request=0xffffffde fr.pc=0x00000247ddaa447c relative=0x000000000000041c
Event: 7.870 Thread 0x00000247d25d5760 Uncommon trap: reason=class_check action=maybe_recompile pc=0x00000247ddaa447c method=java.lang.String.<init>(Ljava/lang/AbstractStringBuilder;Ljava/lang/Void;)V @ 10 c2
Event: 7.870 Thread 0x00000247d25d5760 DEOPT PACKING pc=0x00000247ddaa447c sp=0x000000480edfece0
Event: 7.870 Thread 0x00000247d25d5760 DEOPT UNPACKING pc=0x00000247dd4e46a2 sp=0x000000480edfeca8 mode 2

Classes loaded (20 events):
Event: 7.853 Loading class java/util/ResourceBundle$CacheKeyReference done
Event: 7.853 Loading class java/util/ResourceBundle$KeyElementReference done
Event: 7.853 Loading class java/util/ResourceBundle$3
Event: 7.853 Loading class java/util/ResourceBundle$3 done
Event: 7.854 Loading class sun/util/logging/resources/logging
Event: 7.854 Loading class sun/util/logging/resources/logging done
Event: 7.854 Loading class java/util/ResourceBundle$BundleReference
Event: 7.854 Loading class java/util/ResourceBundle$BundleReference done
Event: 7.854 Loading class sun/util/logging/resources/logging_en
Event: 7.854 Loading class sun/util/logging/resources/logging_en done
Event: 7.854 Loading class sun/util/logging/resources/logging_en
Event: 7.854 Loading class sun/util/logging/resources/logging_en done
Event: 7.855 Loading class sun/util/logging/resources/logging_en_IN
Event: 7.855 Loading class sun/util/logging/resources/logging_en_IN done
Event: 7.855 Loading class sun/util/logging/resources/logging_en_IN
Event: 7.855 Loading class sun/util/logging/resources/logging_en_IN done
Event: 7.855 Loading class java/util/Formatter$DateTime
Event: 7.855 Loading class java/util/Formatter$DateTime done
Event: 7.855 Loading class java/time/ZonedDateTime$1
Event: 7.855 Loading class java/time/ZonedDateTime$1 done

Classes unloaded (0 events):
No events

Classes redefined (0 events):
No events

Internal exceptions (20 events):
Event: 2.274 Thread 0x00000247ee676c50 Exception <a 'java/net/ConnectException'{0x00000000a7955528}: Connection refused: getsockopt> (0x00000000a7955528) 
thrown [s\src\hotspot\share\prims\jni.cpp, line 539]
Event: 2.299 Thread 0x00000247ee676c50 Exception <a 'java/net/ConnectException'{0x00000000a7956678}: Connection refused: getsockopt> (0x00000000a7956678) 
thrown [s\src\hotspot\share\prims\jni.cpp, line 539]
Event: 2.331 Thread 0x00000247ee676c50 Exception <a 'java/net/ConnectException'{0x00000000a79575c0}: Connection refused: getsockopt> (0x00000000a79575c0) 
thrown [s\src\hotspot\share\prims\jni.cpp, line 539]
Event: 2.377 Thread 0x00000247ee676c50 Exception <a 'java/net/ConnectException'{0x00000000a7958508}: Connection refused: getsockopt> (0x00000000a7958508) 
thrown [s\src\hotspot\share\prims\jni.cpp, line 539]
Event: 2.470 Thread 0x00000247ee676c50 Exception <a 'java/net/ConnectException'{0x00000000a7959450}: Connection refused: getsockopt> (0x00000000a7959450) 
thrown [s\src\hotspot\share\prims\jni.cpp, line 539]
Event: 2.640 Thread 0x00000247ee676c50 Exception <a 'java/net/ConnectException'{0x00000000a795a398}: Connection refused: getsockopt> (0x00000000a795a398) 
thrown [s\src\hotspot\share\prims\jni.cpp, line 539]
Event: 2.967 Thread 0x00000247ee676c50 Exception <a 'java/net/ConnectException'{0x00000000a795b2e0}: Connection refused: getsockopt> (0x00000000a795b2e0) 
thrown [s\src\hotspot\share\prims\jni.cpp, line 539]
Event: 3.297 Thread 0x00000247ee676c50 Exception <a 'java/net/ConnectException'{0x00000000a795c228}: Connection refused: getsockopt> (0x00000000a795c228) 
thrown [s\src\hotspot\share\prims\jni.cpp, line 539]
Event: 3.623 Thread 0x00000247ee676c50 Exception <a 'java/net/ConnectException'{0x00000000a795d170}: Connection refused: getsockopt> (0x00000000a795d170) 
thrown [s\src\hotspot\share\prims\jni.cpp, line 539]
Event: 3.951 Thread 0x00000247ee676c50 Exception <a 'java/net/ConnectException'{0x00000000a795e0b8}: Connection refused: getsockopt> (0x00000000a795e0b8) 
thrown [s\src\hotspot\share\prims\jni.cpp, line 539]
Event: 4.354 Thread 0x00000247d25d5760 Exception <a 'java/lang/NoSuchMethodError'{0x00000000a7846d78}: 'java.lang.Object java.lang.invoke.DirectMethodHandle$Holder.newInvokeSpecial(java.lang.Object, java.lang.Object, int, int)'> (0x00000000a7846d78) 
thrown [s\src\hotspot\share\interpreter\linkResolver.cpp, line 773]
Event: 4.357 Thread 0x00000247d25d5760 Exception <a 'java/lang/NoSuchMethodError'{0x00000000a78515b0}: 'void java.lang.invoke.DirectMethodHandle$Holder.invokeStatic(java.lang.Object, java.lang.Object, int)'> (0x00000000a78515b0) 
thrown [s\src\hotspot\share\interpreter\linkResolver.cpp, line 773]
Event: 4.392 Thread 0x00000247d25d5760 Exception <a 'java/lang/NoSuchMethodError'{0x00000000a7737cf0}: 'java.lang.Object java.lang.invoke.DirectMethodHandle$Holder.newInvokeSpecial(java.lang.Object, java.lang.Object, java.lang.Object, java.lang.Object, java.lang.Object)'> (0x00000000a7737cf0) 
thrown [s\src\hotspot\share\interpreter\linkResolver.cpp, line 773]
Event: 4.468 Thread 0x00000247d25d5760 Exception <a 'java/lang/NoSuchMethodError'{0x00000000a7548618}: 'void java.lang.invoke.DirectMethodHandle$Holder.invokeSpecial(java.lang.Object, java.lang.Object, java.lang.Object)'> (0x00000000a7548618) 
thrown [s\src\hotspot\share\interpreter\linkResolver.cpp, line 773]
Event: 4.517 Thread 0x00000247eea71880 Exception <a 'java/lang/NoSuchMethodError'{0x00000000a7358668}: 'java.lang.Object java.lang.invoke.DirectMethodHandle$Holder.invokeSpecial(java.lang.Object, java.lang.Object, java.lang.Object, java.lang.Object, int)'> (0x00000000a7358668) 
thrown [s\src\hotspot\share\interpreter\linkResolver.cpp, line 773]
Event: 4.517 Thread 0x00000247eea71880 Exception <a 'java/lang/NoSuchMethodError'{0x00000000a735bfd0}: 'java.lang.Object java.lang.invoke.Invokers$Holder.linkToTargetMethod(java.lang.Object, java.lang.Object, int, java.lang.Object)'> (0x00000000a735bfd0) 
thrown [s\src\hotspot\share\interpreter\linkResolver.cpp, line 773]
Event: 4.551 Thread 0x00000247eea71880 Exception <a 'java/lang/NoSuchMethodError'{0x00000000a7272368}: 'void java.lang.invoke.DirectMethodHandle$Holder.invokeSpecial(java.lang.Object, java.lang.Object, java.lang.Object, java.lang.Object, java.lang.Object)'> (0x00000000a7272368) 
thrown [s\src\hotspot\share\interpreter\linkResolver.cpp, line 773]
Event: 6.582 Thread 0x00000247eea71880 Exception <a 'java/lang/NoSuchMethodError'{0x00000000a70129d0}: 'void java.lang.invoke.DirectMethodHandle$Holder.invokeSpecial(java.lang.Object, java.lang.Object, java.lang.Object, java.lang.Object, java.lang.Object, java.lang.Object, java.lang.Object)'> (0x00000000a70129d0) 
thrown [s\src\hotspot\share\interpreter\linkResolver.cpp, line 773]
Event: 7.716 Thread 0x00000247d25d5760 Exception <a 'java/lang/NoSuchMethodError'{0x00000000a6fd6678}: 'java.lang.Object java.lang.invoke.DirectMethodHandle$Holder.invokeSpecialIFC(java.lang.Object, java.lang.Object, java.lang.Object)'> (0x00000000a6fd6678) 
thrown [s\src\hotspot\share\interpreter\linkResolver.cpp, line 773]
Event: 7.853 Thread 0x00000247d25d5760 Exception <a 'java/lang/ClassNotFoundException'{0x00000000a6ba7298}: sun/util/logging/resources/spi/loggingProvider> (0x00000000a6ba7298) 
thrown [s\src\hotspot\share\classfile\systemDictionary.cpp, line 312]

ZGC Phase Switch (0 events):
No events

VM Operations (20 events):
Event: 4.286 Executing VM operation: Cleanup
Event: 4.286 Executing VM operation: Cleanup done
Event: 4.298 Executing VM operation: HandshakeAllThreads (Deoptimize)
Event: 4.298 Executing VM operation: HandshakeAllThreads (Deoptimize) done
Event: 4.374 Executing VM operation: HandshakeAllThreads (Deoptimize)
Event: 4.374 Executing VM operation: HandshakeAllThreads (Deoptimize) done
Event: 5.385 Executing VM operation: Cleanup
Event: 5.385 Executing VM operation: Cleanup done
Event: 6.560 Executing VM operation: HandshakeAllThreads (Deoptimize)
Event: 6.560 Executing VM operation: HandshakeAllThreads (Deoptimize) done
Event: 6.563 Executing VM operation: HandshakeAllThreads (Deoptimize)
Event: 6.563 Executing VM operation: HandshakeAllThreads (Deoptimize) done
Event: 6.563 Executing VM operation: Cleanup
Event: 6.563 Executing VM operation: Cleanup done
Event: 7.568 Executing VM operation: Cleanup
Event: 7.569 Executing VM operation: Cleanup done
Event: 7.840 Executing VM operation: HandshakeAllThreads (Deoptimize)
Event: 7.840 Executing VM operation: HandshakeAllThreads (Deoptimize) done
Event: 8.853 Executing VM operation: Cleanup
Event: 8.853 Executing VM operation: Cleanup done

Memory protections (0 events):
No events

Nmethod flushes (0 events):
No events

Events (20 events):
Event: 0.512 Thread 0x00000247d25d5760 Thread added: 0x00000247e9d80d90
Event: 1.384 Thread 0x00000247e9bd4710 Thread exited: 0x00000247e9bd4710
Event: 1.390 Thread 0x00000247e9d80d90 Thread exited: 0x00000247e9d80d90
Event: 1.534 Thread 0x00000247d25d5760 Thread added: 0x00000247e9d9cfd0
Event: 2.095 Thread 0x00000247d25d5760 Thread added: 0x00000247ee4eeeb0
Event: 2.236 Thread 0x00000247d25d5760 Thread added: 0x00000247ee6d2f60
Event: 2.240 Thread 0x00000247d25d5760 Thread added: 0x00000247ee675f90
Event: 2.240 Thread 0x00000247d25d5760 Thread added: 0x00000247ee6765f0
Event: 2.256 Thread 0x00000247ee675f90 Thread added: 0x00000247ee676c50
Event: 4.286 Thread 0x00000247ee676c50 Thread added: 0x00000247ee649290
Event: 4.496 Thread 0x00000247d25d5760 Thread added: 0x00000247eea71880
Event: 4.571 Thread 0x00000247ee4eeeb0 Thread added: 0x00000247eea725a0
Event: 4.572 Thread 0x00000247ee4eeeb0 Thread added: 0x00000247eea6fe40
Event: 7.767 Thread 0x00000247d25d5760 Thread added: 0x00000247eea704d0
Event: 7.768 Thread 0x00000247d25d5760 Thread added: 0x00000247eea71f10
Event: 7.770 Thread 0x00000247eea704d0 Thread added: 0x00000247eea732c0
Event: 7.790 Thread 0x00000247eea704d0 Thread added: 0x00000247eea72c30
Event: 7.843 Thread 0x00000247e9a3b7f0 Thread added: 0x00000247e9d5c050
Event: 12.893 Thread 0x00000247e9d5c050 Thread exited: 0x00000247e9d5c050
Event: 14.301 Thread 0x00000247ee649290 Thread exited: 0x00000247ee649290


Dynamic libraries:
0x00007ff6bc530000 - 0x00007ff6bc53e000 	C:\Users\Nikita Kakade\.p2\pool\plugins\org.eclipse.justj.openjdk.hotspot.jre.full.win32.x86_64_21.0.6.v20250130-0529\jre\bin\javaw.exe
0x00007ffdf9fe0000 - 0x00007ffdfa240000 	C:\WINDOWS\SYSTEM32\ntdll.dll
0x00007ffdf8760000 - 0x00007ffdf8827000 	C:\WINDOWS\System32\KERNEL32.DLL
0x00007ffdf71c0000 - 0x00007ffdf758a000 	C:\WINDOWS\System32\KERNELBASE.dll
0x00007ffdf7640000 - 0x00007ffdf778b000 	C:\WINDOWS\System32\ucrtbase.dll
0x00007ffded190000 - 0x00007ffded1a8000 	C:\Users\Nikita Kakade\.p2\pool\plugins\org.eclipse.justj.openjdk.hotspot.jre.full.win32.x86_64_21.0.6.v20250130-0529\jre\bin\jli.dll
0x00007ffdec930000 - 0x00007ffdec94e000 	C:\Users\Nikita Kakade\.p2\pool\plugins\org.eclipse.justj.openjdk.hotspot.jre.full.win32.x86_64_21.0.6.v20250130-0529\jre\bin\VCRUNTIME140.dll
0x00007ffdf8590000 - 0x00007ffdf875c000 	C:\WINDOWS\System32\USER32.dll
0x00007ffdf7af0000 - 0x00007ffdf7b17000 	C:\WINDOWS\System32\win32u.dll
0x00007ffdf8450000 - 0x00007ffdf847a000 	C:\WINDOWS\System32\GDI32.dll
0x00007ffde9790000 - 0x00007ffde9a27000 	C:\WINDOWS\WinSxS\amd64_microsoft.windows.common-controls_6595b64144ccf1df_6.0.26100.3624_none_3e086962e3345f24\COMCTL32.dll
0x00007ffdf7b20000 - 0x00007ffdf7c51000 	C:\WINDOWS\System32\gdi32full.dll
0x00007ffdf7f40000 - 0x00007ffdf7fe9000 	C:\WINDOWS\System32\msvcrt.dll
0x00007ffdf7590000 - 0x00007ffdf7633000 	C:\WINDOWS\System32\msvcp_win.dll
0x00007ffdf8150000 - 0x00007ffdf817f000 	C:\WINDOWS\System32\IMM32.DLL
0x00007ffdec920000 - 0x00007ffdec92c000 	C:\Users\Nikita Kakade\.p2\pool\plugins\org.eclipse.justj.openjdk.hotspot.jre.full.win32.x86_64_21.0.6.v20250130-0529\jre\bin\vcruntime140_1.dll
0x00007ffdadab0000 - 0x00007ffdadb3d000 	C:\Users\Nikita Kakade\.p2\pool\plugins\org.eclipse.justj.openjdk.hotspot.jre.full.win32.x86_64_21.0.6.v20250130-0529\jre\bin\msvcp140.dll
0x00007ffda9080000 - 0x00007ffda9e10000 	C:\Users\Nikita Kakade\.p2\pool\plugins\org.eclipse.justj.openjdk.hotspot.jre.full.win32.x86_64_21.0.6.v20250130-0529\jre\bin\server\jvm.dll
0x00007ffdf95f0000 - 0x00007ffdf96a2000 	C:\WINDOWS\System32\ADVAPI32.dll
0x00007ffdf96b0000 - 0x00007ffdf9756000 	C:\WINDOWS\System32\sechost.dll
0x00007ffdf8020000 - 0x00007ffdf8136000 	C:\WINDOWS\System32\RPCRT4.dll
0x00007ffdf8510000 - 0x00007ffdf8584000 	C:\WINDOWS\System32\WS2_32.dll
0x00007ffdf7010000 - 0x00007ffdf706e000 	C:\WINDOWS\SYSTEM32\POWRPROF.dll
0x00007ffde9a30000 - 0x00007ffde9a66000 	C:\WINDOWS\SYSTEM32\WINMM.dll
0x00007ffdea840000 - 0x00007ffdea84b000 	C:\WINDOWS\SYSTEM32\VERSION.dll
0x00007ffdf6ff0000 - 0x00007ffdf7004000 	C:\WINDOWS\SYSTEM32\UMPDC.dll
0x00007ffdf5fd0000 - 0x00007ffdf5fea000 	C:\WINDOWS\SYSTEM32\kernel.appcore.dll
0x00007ffded530000 - 0x00007ffded53a000 	C:\Users\Nikita Kakade\.p2\pool\plugins\org.eclipse.justj.openjdk.hotspot.jre.full.win32.x86_64_21.0.6.v20250130-0529\jre\bin\jimage.dll
0x00007ffdeea10000 - 0x00007ffdeec51000 	C:\WINDOWS\SYSTEM32\DBGHELP.DLL
0x00007ffdf9c00000 - 0x00007ffdf9f82000 	C:\WINDOWS\System32\combase.dll
0x00007ffdf8830000 - 0x00007ffdf8906000 	C:\WINDOWS\System32\OLEAUT32.dll
0x00007ffde8470000 - 0x00007ffde84a9000 	C:\WINDOWS\SYSTEM32\dbgcore.DLL
0x00007ffdf7850000 - 0x00007ffdf78e9000 	C:\WINDOWS\System32\bcryptPrimitives.dll
0x00007ffde7220000 - 0x00007ffde723f000 	C:\Users\Nikita Kakade\.p2\pool\plugins\org.eclipse.justj.openjdk.hotspot.jre.full.win32.x86_64_21.0.6.v20250130-0529\jre\bin\java.dll
0x00007ffdf8910000 - 0x00007ffdf9039000 	C:\WINDOWS\System32\SHELL32.dll
0x00007ffdf7980000 - 0x00007ffdf7ae8000 	C:\WINDOWS\System32\wintypes.dll
0x00007ffdf4ea0000 - 0x00007ffdf56f2000 	C:\WINDOWS\SYSTEM32\windows.storage.dll
0x00007ffdf9500000 - 0x00007ffdf95ed000 	C:\WINDOWS\System32\SHCORE.dll
0x00007ffdf9970000 - 0x00007ffdf99d4000 	C:\WINDOWS\System32\shlwapi.dll
0x00007ffdf70d0000 - 0x00007ffdf70ff000 	C:\WINDOWS\SYSTEM32\profapi.dll
0x00007ffde67a0000 - 0x00007ffde67b8000 	C:\Users\Nikita Kakade\.p2\pool\plugins\org.eclipse.justj.openjdk.hotspot.jre.full.win32.x86_64_21.0.6.v20250130-0529\jre\bin\zip.dll
0x00007ffded250000 - 0x00007ffded260000 	C:\Users\Nikita Kakade\.p2\pool\plugins\org.eclipse.justj.openjdk.hotspot.jre.full.win32.x86_64_21.0.6.v20250130-0529\jre\bin\net.dll
0x00007ffdef630000 - 0x00007ffdef74d000 	C:\WINDOWS\SYSTEM32\WINHTTP.dll
0x00007ffdf64f0000 - 0x00007ffdf655a000 	C:\WINDOWS\system32\mswsock.dll
0x00007ffde7420000 - 0x00007ffde7436000 	C:\Users\Nikita Kakade\.p2\pool\plugins\org.eclipse.justj.openjdk.hotspot.jre.full.win32.x86_64_21.0.6.v20250130-0529\jre\bin\nio.dll
0x00007ffdecc00000 - 0x00007ffdecc09000 	C:\Users\Nikita Kakade\.p2\pool\plugins\org.eclipse.justj.openjdk.hotspot.jre.full.win32.x86_64_21.0.6.v20250130-0529\jre\bin\extnet.dll
0x00007ffdf5af0000 - 0x00007ffdf5c15000 	C:\WINDOWS\SYSTEM32\DNSAPI.dll
0x00007ffdf5a50000 - 0x00007ffdf5a83000 	C:\WINDOWS\SYSTEM32\IPHLPAPI.DLL
0x00007ffdf94f0000 - 0x00007ffdf94fa000 	C:\WINDOWS\System32\NSI.dll
0x00007ffdf1fd0000 - 0x00007ffdf1fdb000 	C:\Windows\System32\rasadhlp.dll
0x00007ffdee530000 - 0x00007ffdee5b5000 	C:\WINDOWS\System32\fwpuclnt.dll
0x00007ffdf6790000 - 0x00007ffdf67ac000 	C:\WINDOWS\SYSTEM32\CRYPTSP.dll
0x00007ffdf5f30000 - 0x00007ffdf5f6a000 	C:\WINDOWS\system32\rsaenh.dll
0x00007ffdf6590000 - 0x00007ffdf65bb000 	C:\WINDOWS\SYSTEM32\USERENV.dll
0x00007ffdf70a0000 - 0x00007ffdf70c6000 	C:\WINDOWS\SYSTEM32\bcrypt.dll
0x00007ffdf67b0000 - 0x00007ffdf67bc000 	C:\WINDOWS\SYSTEM32\CRYPTBASE.dll
0x00007ffded820000 - 0x00007ffded82e000 	C:\Users\Nikita Kakade\.p2\pool\plugins\org.eclipse.justj.openjdk.hotspot.jre.full.win32.x86_64_21.0.6.v20250130-0529\jre\bin\sunmscapi.dll
0x00007ffdf7c60000 - 0x00007ffdf7dd7000 	C:\WINDOWS\System32\CRYPT32.dll
0x00007ffdf6990000 - 0x00007ffdf69c0000 	C:\WINDOWS\SYSTEM32\ncrypt.dll
0x00007ffdf6940000 - 0x00007ffdf697f000 	C:\WINDOWS\SYSTEM32\NTASN1.dll
0x00007ffdec8a0000 - 0x00007ffdec8a8000 	C:\WINDOWS\system32\wshunix.dll

dbghelp: loaded successfully - version: 4.0.5 - missing functions: none
symbol engine: initialized successfully - sym options: 0x614 - pdb path: .;C:\Users\Nikita Kakade\.p2\pool\plugins\org.eclipse.justj.openjdk.hotspot.jre.full.win32.x86_64_21.0.6.v20250130-0529\jre\bin;C:\WINDOWS\SYSTEM32;C:\WINDOWS\WinSxS\amd64_microsoft.windows.common-controls_6595b64144ccf1df_6.0.26100.3624_none_3e086962e3345f24;C:\Users\Nikita Kakade\.p2\pool\plugins\org.eclipse.justj.openjdk.hotspot.jre.full.win32.x86_64_21.0.6.v20250130-0529\jre\bin\server

VM Arguments:
jvm_args: -Dfile.encoding=UTF-8 -Dstdout.encoding=UTF-8 -Dstderr.encoding=UTF-8 -XX:+ShowCodeDetailsInExceptionMessages 
java_command: org.practice.LocatorPractice
java_class_path (initial): C:\Users\Nikita Kakade\eclipse-workspace\Java-Selenium_A5\bin;C:\Users\Nikita Kakade\eclipse-workspace\Java-Selenium_A5\Jars\selenium-server-4.16.0.jar
Launcher Type: SUN_STANDARD

[Global flags]
     intx CICompilerCount                          = 4                                         {product} {ergonomic}
     uint ConcGCThreads                            = 2                                         {product} {ergonomic}
     uint G1ConcRefinementThreads                  = 8                                         {product} {ergonomic}
   size_t G1HeapRegionSize                         = 1048576                                   {product} {ergonomic}
    uintx GCDrainStackTargetSize                   = 64                                        {product} {ergonomic}
   size_t InitialHeapSize                          = 100663296                                 {product} {ergonomic}
   size_t MarkStackSize                            = 4194304                                   {product} {ergonomic}
   size_t MaxHeapSize                              = 1581252608                                {product} {ergonomic}
   size_t MaxNewSize                               = 947912704                                 {product} {ergonomic}
   size_t MinHeapDeltaBytes                        = 1048576                                   {product} {ergonomic}
   size_t MinHeapSize                              = 8388608                                   {product} {ergonomic}
    uintx NonNMethodCodeHeapSize                   = 5839372                                {pd product} {ergonomic}
    uintx NonProfiledCodeHeapSize                  = 122909434                              {pd product} {ergonomic}
    uintx ProfiledCodeHeapSize                     = 122909434                              {pd product} {ergonomic}
    uintx ReservedCodeCacheSize                    = 251658240                              {pd product} {ergonomic}
     bool SegmentedCodeCache                       = true                                      {product} {ergonomic}
     bool ShowCodeDetailsInExceptionMessages       = true                                   {manageable} {command line}
   size_t SoftMaxHeapSize                          = 1581252608                             {manageable} {ergonomic}
     bool UseCompressedOops                        = true                           {product lp64_product} {ergonomic}
     bool UseG1GC                                  = true                                      {product} {ergonomic}
     bool UseLargePagesIndividualAllocation        = false                                  {pd product} {ergonomic}

Logging:
Log output configuration:
 #0: stdout all=warning uptime,level,tags foldmultilines=false
 #1: stderr all=off uptime,level,tags foldmultilines=false

Environment Variables:
JAVA_HOME=C:\Program Files\Java\jdk1.8.0_202
PATH=C:/Users/Nikita Kakade/.p2/pool/plugins/org.eclipse.justj.openjdk.hotspot.jre.full.win32.x86_64_21.0.6.v20250130-0529/jre/bin/server;C:/Users/Nikita Kakade/.p2/pool/plugins/org.eclipse.justj.openjdk.hotspot.jre.full.win32.x86_64_21.0.6.v20250130-0529/jre/bin;C:\oracle\product\10.2.0\db_1\bin;C:\Program Files\Common Files\Oracle\Java\javapath;C:\Program Files\Python310\Scripts\;C:\Program Files\Python310\;C:\Program Files (x86)\Common Files\Oracle\Java\javapath;C:\WINDOWS\system32;C:\WINDOWS;C:\WINDOWS\System32\Wbem;C:\WINDOWS\System32\WindowsPowerShell\v1.0\;C:\WINDOWS\System32\OpenSSH\;C:\Program Files\nodejs\;C:\Program Files\dotnet\;C:\maven\apache-maven-3.9.5-bin.zip\apache-maven-3.9.5\bin;C:\Program Files\Java\jdk1.8.0_202\bin;C:\Program Files\Git\cmd;C:\Program Files\MySQL\MySQL Server 8.0\bin;C:\Users\Nikita Kakade\AppData\Local\Microsoft\WindowsApps;;C:\Users\Nikita Kakade\AppData\Local\Programs\Microsoft VS Code\bin;C:\Users\Nikita Kakade\AppData\Roaming\npm;C:\Program Files\JetBrains\IntelliJ IDEA Community Edition 2023.1\bin;;C:\Users\Nikita Kakade\Desktop;
USERNAME=Nikita Kakade
OS=Windows_NT
PROCESSOR_IDENTIFIER=AMD64 Family 23 Model 24 Stepping 1, AuthenticAMD
TMP=C:\Users\Nikita Kakade\AppData\Local\Temp
TEMP=C:\Users\Nikita Kakade\AppData\Local\Temp




Periodic native trim disabled

---------------  S Y S T E M  ---------------

OS:
 Windows 11 , 64 bit Build 26100 (10.0.26100.3775)
OS uptime: 28 days 8:37 hours

CPU: total 8 (initial active 8) (8 cores per cpu, 2 threads per core) family 23 model 24 stepping 1 microcode 0x810810e, cx8, cmov, fxsr, ht, mmx, 3dnowpref, sse, sse2, sse3, ssse3, sse4a, sse4.1, sse4.2, popcnt, lzcnt, tsc, tscinvbit, avx, avx2, aes, clmul, bmi1, bmi2, adx, sha, fma, vzeroupper, clflush, clflushopt, rdtscp, f16c
Processor Information for processor 0
  Max Mhz: 2100, Current Mhz: 2100, Mhz Limit: 2100
Processor Information for processor 1
  Max Mhz: 2100, Current Mhz: 2100, Mhz Limit: 2100
Processor Information for processor 2
  Max Mhz: 2100, Current Mhz: 2100, Mhz Limit: 2100
Processor Information for processor 3
  Max Mhz: 2100, Current Mhz: 2100, Mhz Limit: 2100
Processor Information for processor 4
  Max Mhz: 2100, Current Mhz: 1400, Mhz Limit: 2100
Processor Information for processor 5
  Max Mhz: 2100, Current Mhz: 1400, Mhz Limit: 2100
Processor Information for processor 6
  Max Mhz: 2100, Current Mhz: 1400, Mhz Limit: 2100
Processor Information for processor 7
  Max Mhz: 2100, Current Mhz: 1400, Mhz Limit: 2100

Memory: 4k page, system-wide physical 6030M (530M free)
TotalPageFile size 24462M (AvailPageFile size 0M)
current process WorkingSet (physical memory assigned to process): 107M, peak: 107M
current process commit charge ("private bytes"): 207M, peak: 208M

vm_info: OpenJDK 64-Bit Server VM (21.0.6+7-LTS) for windows-amd64 JRE (21.0.6+7-LTS), built on 2025-01-21T00:00:00Z by "admin" with MS VC++ 17.7 (VS2022)

END.
